ISim log file
Running: C:\Users\chang\Documents\Verilog\Lab4\testbench_isim_beh.exe -intstyle ise -gui -tclbatch isim.cmd -wdb C:/Users/chang/Documents/Verilog/Lab4/testbench_isim_beh.wdb 
ISim P.20131013 (signature 0x7708f090)
WARNING: A WEBPACK license was found.
WARNING: Please use Xilinx License Configuration Manager to check out a full ISim license.
WARNING: ISim will run in Lite mode. Please refer to the ISim documentation for more information on the differences between the Lite and the Full version.
This is a Lite version of ISim.
Time resolution is 1 ps
# onerror resume
# wave add /
# run 1000 ns
Simulator is doing circuit initialization process.
Finished circuit initialization process.
PC =          0
Data Memory =          0,          0,          0,          0,          0,          0,          0,          0
Data Memory =          0,          0,          0,          0,          0,          0,          0,          0
Data Memory =          0,          0,          0,          0,          0,          0,          0,          0
Data Memory =          0,          0,          0,          0,          0,          0,          0,          0
Registers
R0 =           0, R1 =           0, R2 =         128, R3 =           0, R4 =           0, R5 =           0, R6 =           0, R7 =           0
R8 =           0, R9 =           0, R10 =          0, R11 =          0, R12 =          0, R13 =          0, R14 =          0, R15 =          0
R16 =          0, R17 =          0, R18 =          0, R19 =          0, R20 =          0, R21 =          0, R22 =          0, R23 =          0
R24 =          0, R25 =          0, R26 =          0, R27 =          0, R28 =          0, R29 =          0, R30 =          0, R31 =          0

PC =          4
Data Memory =          0,          0,          0,          0,          0,          0,          0,          0
Data Memory =          0,          0,          0,          0,          0,          0,          0,          0
Data Memory =          0,          0,          0,          0,          0,          0,          0,          0
Data Memory =          0,          0,          0,          0,          0,          0,          0,          0
Registers
R0 =           0, R1 =           0, R2 =         128, R3 =           0, R4 =           0, R5 =           1, R6 =           0, R7 =           0
R8 =           0, R9 =           0, R10 =          0, R11 =          0, R12 =          0, R13 =          0, R14 =          0, R15 =          0
R16 =          0, R17 =          0, R18 =          0, R19 =          0, R20 =          0, R21 =          0, R22 =          0, R23 =          0
R24 =          0, R25 =          0, R26 =          0, R27 =          0, R28 =          0, R29 =          0, R30 =          0, R31 =          0

PC =          8
Data Memory =          0,          0,          0,          0,          0,          0,          0,          0
Data Memory =          0,          0,          0,          0,          0,          0,          0,          0
Data Memory =          0,          0,          0,          0,          0,          0,          0,          0
Data Memory =          0,          0,          0,          0,          0,          0,          0,          0
Registers
R0 =           0, R1 =           0, R2 =         128, R3 =           0, R4 =           0, R5 =           1, R6 =           2, R7 =           0
R8 =           0, R9 =           0, R10 =          0, R11 =          0, R12 =          0, R13 =          0, R14 =          0, R15 =          0
R16 =          0, R17 =          0, R18 =          0, R19 =          0, R20 =          0, R21 =          0, R22 =          0, R23 =          0
R24 =          0, R25 =          0, R26 =          0, R27 =          0, R28 =          0, R29 =          0, R30 =          0, R31 =          0

PC =         12
Data Memory =          0,          0,          0,          0,          0,          0,          0,          0
Data Memory =          0,          0,          0,          0,          0,          0,          0,          0
Data Memory =          0,          0,          0,          0,          0,          0,          0,          0
Data Memory =          0,          0,          0,          0,          0,          0,          0,          0
Registers
R0 =           0, R1 =           0, R2 =         128, R3 =           0, R4 =           0, R5 =           1, R6 =           2, R7 =           3
R8 =           0, R9 =           0, R10 =          0, R11 =          0, R12 =          0, R13 =          0, R14 =          0, R15 =          0
R16 =          0, R17 =          0, R18 =          0, R19 =          0, R20 =          0, R21 =          0, R22 =          0, R23 =          0
R24 =          0, R25 =          0, R26 =          0, R27 =          0, R28 =          0, R29 =          0, R30 =          0, R31 =          0

PC =         16
Data Memory =          0,          0,          0,          0,          0,          0,          0,          0
Data Memory =          0,          0,          0,          0,          0,          0,          0,          0
Data Memory =          0,          0,          0,          0,          0,          0,          0,          0
Data Memory =          0,          0,          0,          0,          0,          0,          0,          0
Registers
R0 =           0, R1 =           0, R2 =         128, R3 =           0, R4 =           0, R5 =           1, R6 =           2, R7 =           3
R8 =           0, R9 =           0, R10 =          0, R11 =          0, R12 =          0, R13 =          0, R14 =          0, R15 =          0
R16 =          0, R17 =          0, R18 =          0, R19 =          0, R20 =          0, R21 =          0, R22 =          0, R23 =          0
R24 =          0, R25 =          0, R26 =          0, R27 =          0, R28 =          0, R29 =          0, R30 =          0, R31 =          0

PC =         60
Data Memory =          0,          0,          0,          0,          0,          0,          0,          0
Data Memory =          0,          0,          0,          0,          0,          0,          0,          0
Data Memory =          0,          0,          0,          0,          0,          0,          0,          0
Data Memory =          0,          0,          0,          0,          0,          0,          0,          0
Registers
R0 =           0, R1 =           0, R2 =         128, R3 =           0, R4 =           0, R5 =           1, R6 =           2, R7 =           3
R8 =           0, R9 =           0, R10 =          0, R11 =          0, R12 =          0, R13 =          0, R14 =          0, R15 =          0
R16 =          0, R17 =          0, R18 =          0, R19 =          0, R20 =          0, R21 =          0, R22 =          0, R23 =          0
R24 =          0, R25 =          0, R26 =          0, R27 =          0, R28 =          0, R29 =          0, R30 =          0, R31 =          0

PC =         64
Data Memory =          0,          0,          0,          0,          0,          0,          0,          0
Data Memory =          0,          0,          0,          0,          0,          0,          0,          0
Data Memory =          0,          0,          0,          0,          0,          0,          0,          0
Data Memory =          0,          0,          0,          0,          0,          0,          0,          0
Registers
R0 =           0, R1 =           0, R2 =         128, R3 =           0, R4 =           0, R5 =           1, R6 =           2, R7 =           3
R8 =           0, R9 =           0, R10 =          0, R11 =          0, R12 =          0, R13 =          0, R14 =          0, R15 =          0
R16 =          0, R17 =          0, R18 =          0, R19 =          0, R20 =          0, R21 =          0, R22 =          0, R23 =          0
R24 =          0, R25 =          0, R26 =          0, R27 =          0, R28 =          0, R29 =          0, R30 =          0, R31 =          0

PC =         68
Data Memory =          0,          0,          0,          0,          0,          0,          0,          0
Data Memory =          0,          0,          0,          0,          0,          0,          0,          0
Data Memory =          0,          0,          0,          0,          0,          0,          0,          0
Data Memory =          0,          0,          0,          0,          0,          0,          0,          0
Registers
R0 =           0, R1 =           0, R2 =         128, R3 =           0, R4 =           0, R5 =           1, R6 =           2, R7 =           3
R8 =           0, R9 =           0, R10 =          0, R11 =          0, R12 =          0, R13 =          0, R14 =          0, R15 =          0
R16 =          0, R17 =          0, R18 =          0, R19 =          0, R20 =          0, R21 =          0, R22 =          0, R23 =          0
R24 =          0, R25 =          0, R26 =          0, R27 =          0, R28 =          0, R29 =          0, R30 =          0, R31 =          0

PC =         72
Data Memory =          0,          0,          0,          0,          0,          0,          0,          0
Data Memory =          0,          0,          0,          0,          0,          0,          0,          0
Data Memory =          0,          0,          0,          0,          0,          0,          0,          0
Data Memory =          0,          0,          0,          0,          0,          0,          0,          0
Registers
R0 =           0, R1 =           0, R2 =         128, R3 =           0, R4 =           0, R5 =           1, R6 =           2, R7 =           3
R8 =           0, R9 =           0, R10 =          0, R11 =          0, R12 =          0, R13 =          0, R14 =          0, R15 =          0
R16 =          0, R17 =          0, R18 =          0, R19 =          0, R20 =          0, R21 =          0, R22 =          0, R23 =          0
R24 =          0, R25 =          0, R26 =          0, R27 =          0, R28 =          0, R29 =          0, R30 =          0, R31 =          0

PC =         76
Data Memory =          0,          0,          0,          0,          0,          0,          0,          0
Data Memory =          0,          0,          0,          0,          0,          0,          0,          0
Data Memory =          0,          0,          0,          0,          0,          0,          0,          0
Data Memory =          0,          0,          0,          0,          0,          0,          0,          0
Registers
R0 =           0, R1 =           0, R2 =         128, R3 =           0, R4 =           0, R5 =           1, R6 =           2, R7 =           3
R8 =           0, R9 =           0, R10 =          0, R11 =          0, R12 =          0, R13 =          0, R14 =          0, R15 =          0
R16 =          0, R17 =          0, R18 =          0, R19 =          0, R20 =          0, R21 =          0, R22 =          0, R23 =          0
R24 =          0, R25 =          0, R26 =          0, R27 =          0, R28 =          0, R29 =          0, R30 =          0, R31 =          0

PC =         80
Data Memory =          0,          0,          0,          0,          0,          0,          0,          0
Data Memory =          0,          0,          0,          0,          0,          0,          0,          0
Data Memory =          0,          0,          0,          0,          0,          0,          0,          0
Data Memory =          0,          0,          0,          0,          0,          0,          0,          0
Registers
R0 =           0, R1 =           0, R2 =         128, R3 =           0, R4 =           0, R5 =           1, R6 =           2, R7 =           3
R8 =           0, R9 =           0, R10 =          0, R11 =          0, R12 =          0, R13 =          0, R14 =          0, R15 =          0
R16 =          0, R17 =          0, R18 =          0, R19 =          0, R20 =          0, R21 =          0, R22 =          0, R23 =          0
R24 =          0, R25 =          0, R26 =          0, R27 =          0, R28 =          0, R29 =          0, R30 =          0, R31 =          0

PC =         84
Data Memory =          0,          0,          0,          0,          0,          0,          0,          0
Data Memory =          0,          0,          0,          0,          0,          0,          0,          0
Data Memory =          0,          0,          0,          0,          0,          0,          0,          0
Data Memory =          0,          0,          0,          0,          0,          0,          0,          0
Registers
R0 =           0, R1 =           0, R2 =         128, R3 =           0, R4 =           0, R5 =           1, R6 =           2, R7 =           3
R8 =           0, R9 =           0, R10 =          0, R11 =          0, R12 =          0, R13 =          0, R14 =          0, R15 =          0
R16 =          0, R17 =          0, R18 =          0, R19 =          0, R20 =          0, R21 =          0, R22 =          0, R23 =          0
R24 =          0, R25 =          0, R26 =          0, R27 =          0, R28 =          0, R29 =          0, R30 =          0, R31 =          0

PC =         88
Data Memory =          0,          0,          0,          0,          0,          0,          0,          0
Data Memory =          0,          0,          0,          0,          0,          0,          0,          0
Data Memory =          0,          0,          0,          0,          0,          0,          0,          0
Data Memory =          0,          0,          0,          0,          0,          0,          0,          0
Registers
R0 =           0, R1 =           0, R2 =         128, R3 =           0, R4 =           0, R5 =           1, R6 =           2, R7 =           3
R8 =           0, R9 =           0, R10 =          0, R11 =          0, R12 =          0, R13 =          0, R14 =          0, R15 =          0
R16 =          0, R17 =          0, R18 =          0, R19 =          0, R20 =          0, R21 =          0, R22 =          0, R23 =          0
R24 =          0, R25 =          0, R26 =          0, R27 =          0, R28 =          0, R29 =          0, R30 =          0, R31 =          0

PC =         92
Data Memory =          0,          0,          0,          0,          0,          0,          0,          0
Data Memory =          0,          0,          0,          0,          0,          0,          0,          0
Data Memory =          0,          0,          0,          0,          0,          0,          0,          0
Data Memory =          0,          0,          0,          0,          0,          0,          0,          0
Registers
R0 =           0, R1 =           0, R2 =         128, R3 =           0, R4 =           0, R5 =           1, R6 =           2, R7 =           3
R8 =           0, R9 =           0, R10 =          0, R11 =          0, R12 =          0, R13 =          0, R14 =          0, R15 =          0
R16 =          0, R17 =          0, R18 =          0, R19 =          0, R20 =          0, R21 =          0, R22 =          0, R23 =          0
R24 =          0, R25 =          0, R26 =          0, R27 =          0, R28 =          0, R29 =          0, R30 =          0, R31 =          0

PC =         96
Data Memory =          0,          0,          0,          0,          0,          0,          0,          0
Data Memory =          0,          0,          0,          0,          0,          0,          0,          0
Data Memory =          0,          0,          0,          0,          0,          0,          0,          0
Data Memory =          0,          0,          0,          0,          0,          0,          0,          0
Registers
R0 =           0, R1 =           0, R2 =         128, R3 =           0, R4 =           0, R5 =           1, R6 =           2, R7 =           3
R8 =           0, R9 =           0, R10 =          0, R11 =          0, R12 =          0, R13 =          0, R14 =          0, R15 =          0
R16 =          0, R17 =          0, R18 =          0, R19 =          0, R20 =          0, R21 =          0, R22 =          0, R23 =          0
R24 =          0, R25 =          0, R26 =          0, R27 =          0, R28 =          0, R29 =          0, R30 =          0, R31 =          0

PC =        100
Data Memory =          0,          0,          0,          0,          0,          0,          0,          0
Data Memory =          0,          0,          0,          0,          0,          0,          0,          0
Data Memory =          0,          0,          0,          0,          0,          0,          0,          0
Data Memory =          0,          0,          0,          0,          0,          0,          0,          0
Registers
R0 =           0, R1 =           0, R2 =         128, R3 =           0, R4 =           0, R5 =           1, R6 =           2, R7 =           3
R8 =           0, R9 =           0, R10 =          0, R11 =          0, R12 =          0, R13 =          0, R14 =          0, R15 =          0
R16 =          0, R17 =          0, R18 =          0, R19 =          0, R20 =          0, R21 =          0, R22 =          0, R23 =          0
R24 =          0, R25 =          0, R26 =          0, R27 =          0, R28 =          0, R29 =          0, R30 =          0, R31 =          0

PC =        104
Data Memory =          0,          0,          0,          0,          0,          0,          0,          0
Data Memory =          0,          0,          0,          0,          0,          0,          0,          0
Data Memory =          0,          0,          0,          0,          0,          0,          0,          0
Data Memory =          0,          0,          0,          0,          0,          0,          0,          0
Registers
R0 =           0, R1 =           0, R2 =         128, R3 =           0, R4 =           0, R5 =           1, R6 =           2, R7 =           3
R8 =           0, R9 =           0, R10 =          0, R11 =          0, R12 =          0, R13 =          0, R14 =          0, R15 =          0
R16 =          0, R17 =          0, R18 =          0, R19 =          0, R20 =          0, R21 =          0, R22 =          0, R23 =          0
R24 =          0, R25 =          0, R26 =          0, R27 =          0, R28 =          0, R29 =          0, R30 =          0, R31 =          0

PC =        108
Data Memory =          0,          0,          0,          0,          0,          0,          0,          0
Data Memory =          0,          0,          0,          0,          0,          0,          0,          0
Data Memory =          0,          0,          0,          0,          0,          0,          0,          0
Data Memory =          0,          0,          0,          0,          0,          0,          0,          0
Registers
R0 =           0, R1 =           0, R2 =         128, R3 =           0, R4 =           0, R5 =           1, R6 =           2, R7 =           3
R8 =           0, R9 =           0, R10 =          0, R11 =          0, R12 =          0, R13 =          0, R14 =          0, R15 =          0
R16 =          0, R17 =          0, R18 =          0, R19 =          0, R20 =          0, R21 =          0, R22 =          0, R23 =          0
R24 =          0, R25 =          0, R26 =          0, R27 =          0, R28 =          0, R29 =          0, R30 =          0, R31 =          0

PC =        112
Data Memory =          0,          0,          0,          0,          0,          0,          0,          0
Data Memory =          0,          0,          0,          0,          0,          0,          0,          0
Data Memory =          0,          0,          0,          0,          0,          0,          0,          0
Data Memory =          0,          0,          0,          0,          0,          0,          0,          0
Registers
R0 =           0, R1 =           0, R2 =         128, R3 =           0, R4 =           0, R5 =           1, R6 =           2, R7 =           3
R8 =           0, R9 =           0, R10 =          0, R11 =          0, R12 =          0, R13 =          0, R14 =          0, R15 =          0
R16 =          0, R17 =          0, R18 =          0, R19 =          0, R20 =          0, R21 =          0, R22 =          0, R23 =          0
R24 =          0, R25 =          0, R26 =          0, R27 =          0, R28 =          0, R29 =          0, R30 =          0, R31 =          0

ISim P.20131013 (signature 0x7708f090)
WARNING: A WEBPACK license was found.
WARNING: Please use Xilinx License Configuration Manager to check out a full ISim license.
WARNING: ISim will run in Lite mode. Please refer to the ISim documentation for more information on the differences between the Lite and the Full version.
This is a Lite version of ISim.
# run 1000 ns
Simulator is doing circuit initialization process.
Finished circuit initialization process.
PC =          0
Data Memory =          0,          0,          0,          0,          0,          0,          0,          0
Data Memory =          0,          0,          0,          0,          0,          0,          0,          0
Data Memory =          0,          0,          0,          0,          0,          0,          0,          0
Data Memory =          0,          0,          0,          0,          0,          0,          0,          0
Registers
R0 =           0, R1 =           0, R2 =         128, R3 =           0, R4 =           0, R5 =           0, R6 =           0, R7 =           0
R8 =           0, R9 =           0, R10 =          0, R11 =          0, R12 =          0, R13 =          0, R14 =          0, R15 =          0
R16 =          0, R17 =          0, R18 =          0, R19 =          0, R20 =          0, R21 =          0, R22 =          0, R23 =          0
R24 =          0, R25 =          0, R26 =          0, R27 =          0, R28 =          0, R29 =          0, R30 =          0, R31 =          0

PC =          4
Data Memory =          0,          0,          0,          0,          0,          0,          0,          0
Data Memory =          0,          0,          0,          0,          0,          0,          0,          0
Data Memory =          0,          0,          0,          0,          0,          0,          0,          0
Data Memory =          0,          0,          0,          0,          0,          0,          0,          0
Registers
R0 =           0, R1 =           0, R2 =         128, R3 =           0, R4 =           0, R5 =           1, R6 =           0, R7 =           0
R8 =           0, R9 =           0, R10 =          0, R11 =          0, R12 =          0, R13 =          0, R14 =          0, R15 =          0
R16 =          0, R17 =          0, R18 =          0, R19 =          0, R20 =          0, R21 =          0, R22 =          0, R23 =          0
R24 =          0, R25 =          0, R26 =          0, R27 =          0, R28 =          0, R29 =          0, R30 =          0, R31 =          0

PC =          8
Data Memory =          0,          0,          0,          0,          0,          0,          0,          0
Data Memory =          0,          0,          0,          0,          0,          0,          0,          0
Data Memory =          0,          0,          0,          0,          0,          0,          0,          0
Data Memory =          0,          0,          0,          0,          0,          0,          0,          0
Registers
R0 =           0, R1 =           0, R2 =         128, R3 =           0, R4 =           0, R5 =           1, R6 =           2, R7 =           0
R8 =           0, R9 =           0, R10 =          0, R11 =          0, R12 =          0, R13 =          0, R14 =          0, R15 =          0
R16 =          0, R17 =          0, R18 =          0, R19 =          0, R20 =          0, R21 =          0, R22 =          0, R23 =          0
R24 =          0, R25 =          0, R26 =          0, R27 =          0, R28 =          0, R29 =          0, R30 =          0, R31 =          0

PC =         12
Data Memory =          0,          0,          0,          0,          0,          0,          0,          0
Data Memory =          0,          0,          0,          0,          0,          0,          0,          0
Data Memory =          0,          0,          0,          0,          0,          0,          0,          0
Data Memory =          0,          0,          0,          0,          0,          0,          0,          0
Registers
R0 =           0, R1 =           0, R2 =         128, R3 =           0, R4 =           0, R5 =           1, R6 =           2, R7 =           3
R8 =           0, R9 =           0, R10 =          0, R11 =          0, R12 =          0, R13 =          0, R14 =          0, R15 =          0
R16 =          0, R17 =          0, R18 =          0, R19 =          0, R20 =          0, R21 =          0, R22 =          0, R23 =          0
R24 =          0, R25 =          0, R26 =          0, R27 =          0, R28 =          0, R29 =          0, R30 =          0, R31 =          0

PC =         16
Data Memory =          0,          0,          0,          0,          0,          0,          0,          0
Data Memory =          0,          0,          0,          0,          0,          0,          0,          0
Data Memory =          0,          0,          0,          0,          0,          0,          0,          0
Data Memory =          0,          0,          0,          0,          0,          0,          0,          0
Registers
R0 =           0, R1 =           0, R2 =         128, R3 =           0, R4 =           0, R5 =           1, R6 =           2, R7 =           3
R8 =           0, R9 =           0, R10 =          0, R11 =          0, R12 =          0, R13 =          0, R14 =          0, R15 =          0
R16 =          0, R17 =          0, R18 =          0, R19 =          0, R20 =          0, R21 =          0, R22 =          0, R23 =          0
R24 =          0, R25 =          0, R26 =          0, R27 =          0, R28 =          0, R29 =          0, R30 =          0, R31 =          0

PC =         60
Data Memory =          0,          0,          0,          0,          0,          0,          0,          0
Data Memory =          0,          0,          0,          0,          0,          0,          0,          0
Data Memory =          0,          0,          0,          0,          0,          0,          0,          0
Data Memory =          0,          0,          0,          0,          0,          0,          0,          0
Registers
R0 =           0, R1 =           0, R2 =         128, R3 =           0, R4 =           0, R5 =           1, R6 =           2, R7 =           3
R8 =           0, R9 =           0, R10 =          0, R11 =          0, R12 =          0, R13 =          0, R14 =          0, R15 =          0
R16 =          0, R17 =          0, R18 =          0, R19 =          0, R20 =          0, R21 =          0, R22 =          0, R23 =          0
R24 =          0, R25 =          0, R26 =          0, R27 =          0, R28 =          0, R29 =          0, R30 =          0, R31 =          0

PC =         64
Data Memory =          0,          0,          0,          0,          0,          0,          0,          0
Data Memory =          0,          0,          0,          0,          0,          0,          0,          0
Data Memory =          0,          0,          0,          0,          0,          0,          0,          0
Data Memory =          0,          0,          0,          0,          0,          0,          0,          0
Registers
R0 =           0, R1 =           0, R2 =         128, R3 =           0, R4 =           0, R5 =           1, R6 =           2, R7 =           3
R8 =           0, R9 =           0, R10 =          0, R11 =          0, R12 =          0, R13 =          0, R14 =          0, R15 =          0
R16 =          0, R17 =          0, R18 =          0, R19 =          0, R20 =          0, R21 =          0, R22 =          0, R23 =          0
R24 =          0, R25 =          0, R26 =          0, R27 =          0, R28 =          0, R29 =          0, R30 =          0, R31 =          0

PC =         68
Data Memory =          0,          0,          0,          0,          0,          0,          0,          0
Data Memory =          0,          0,          0,          0,          0,          0,          0,          0
Data Memory =          0,          0,          0,          0,          0,          0,          0,          0
Data Memory =          0,          0,          0,          0,          0,          0,          0,          0
Registers
R0 =           0, R1 =           0, R2 =         128, R3 =           0, R4 =           0, R5 =           1, R6 =           2, R7 =           3
R8 =           0, R9 =           0, R10 =          0, R11 =          0, R12 =          0, R13 =          0, R14 =          0, R15 =          0
R16 =          0, R17 =          0, R18 =          0, R19 =          0, R20 =          0, R21 =          0, R22 =          0, R23 =          0
R24 =          0, R25 =          0, R26 =          0, R27 =          0, R28 =          0, R29 =          0, R30 =          0, R31 =          0

PC =         72
Data Memory =          0,          0,          0,          0,          0,          0,          0,          0
Data Memory =          0,          0,          0,          0,          0,          0,          0,          0
Data Memory =          0,          0,          0,          0,          0,          0,          0,          0
Data Memory =          0,          0,          0,          0,          0,          0,          0,          0
Registers
R0 =           0, R1 =           0, R2 =         128, R3 =           0, R4 =           0, R5 =           1, R6 =           2, R7 =           3
R8 =           0, R9 =           0, R10 =          0, R11 =          0, R12 =          0, R13 =          0, R14 =          0, R15 =          0
R16 =          0, R17 =          0, R18 =          0, R19 =          0, R20 =          0, R21 =          0, R22 =          0, R23 =          0
R24 =          0, R25 =          0, R26 =          0, R27 =          0, R28 =          0, R29 =          0, R30 =          0, R31 =          0

PC =         76
Data Memory =          0,          0,          0,          0,          0,          0,          0,          0
Data Memory =          0,          0,          0,          0,          0,          0,          0,          0
Data Memory =          0,          0,          0,          0,          0,          0,          0,          0
Data Memory =          0,          0,          0,          0,          0,          0,          0,          0
Registers
R0 =           0, R1 =           0, R2 =         128, R3 =           0, R4 =           0, R5 =           1, R6 =           2, R7 =           3
R8 =           0, R9 =           0, R10 =          0, R11 =          0, R12 =          0, R13 =          0, R14 =          0, R15 =          0
R16 =          0, R17 =          0, R18 =          0, R19 =          0, R20 =          0, R21 =          0, R22 =          0, R23 =          0
R24 =          0, R25 =          0, R26 =          0, R27 =          0, R28 =          0, R29 =          0, R30 =          0, R31 =          0

PC =         80
Data Memory =          0,          0,          0,          0,          0,          0,          0,          0
Data Memory =          0,          0,          0,          0,          0,          0,          0,          0
Data Memory =          0,          0,          0,          0,          0,          0,          0,          0
Data Memory =          0,          0,          0,          0,          0,          0,          0,          0
Registers
R0 =           0, R1 =           0, R2 =         128, R3 =           0, R4 =           0, R5 =           1, R6 =           2, R7 =           3
R8 =           0, R9 =           0, R10 =          0, R11 =          0, R12 =          0, R13 =          0, R14 =          0, R15 =          0
R16 =          0, R17 =          0, R18 =          0, R19 =          0, R20 =          0, R21 =          0, R22 =          0, R23 =          0
R24 =          0, R25 =          0, R26 =          0, R27 =          0, R28 =          0, R29 =          0, R30 =          0, R31 =          0

PC =         84
Data Memory =          0,          0,          0,          0,          0,          0,          0,          0
Data Memory =          0,          0,          0,          0,          0,          0,          0,          0
Data Memory =          0,          0,          0,          0,          0,          0,          0,          0
Data Memory =          0,          0,          0,          0,          0,          0,          0,          0
Registers
R0 =           0, R1 =           0, R2 =         128, R3 =           0, R4 =           0, R5 =           1, R6 =           2, R7 =           3
R8 =           0, R9 =           0, R10 =          0, R11 =          0, R12 =          0, R13 =          0, R14 =          0, R15 =          0
R16 =          0, R17 =          0, R18 =          0, R19 =          0, R20 =          0, R21 =          0, R22 =          0, R23 =          0
R24 =          0, R25 =          0, R26 =          0, R27 =          0, R28 =          0, R29 =          0, R30 =          0, R31 =          0

PC =         88
Data Memory =          0,          0,          0,          0,          0,          0,          0,          0
Data Memory =          0,          0,          0,          0,          0,          0,          0,          0
Data Memory =          0,          0,          0,          0,          0,          0,          0,          0
Data Memory =          0,          0,          0,          0,          0,          0,          0,          0
Registers
R0 =           0, R1 =           0, R2 =         128, R3 =           0, R4 =           0, R5 =           1, R6 =           2, R7 =           3
R8 =           0, R9 =           0, R10 =          0, R11 =          0, R12 =          0, R13 =          0, R14 =          0, R15 =          0
R16 =          0, R17 =          0, R18 =          0, R19 =          0, R20 =          0, R21 =          0, R22 =          0, R23 =          0
R24 =          0, R25 =          0, R26 =          0, R27 =          0, R28 =          0, R29 =          0, R30 =          0, R31 =          0

PC =         92
Data Memory =          0,          0,          0,          0,          0,          0,          0,          0
Data Memory =          0,          0,          0,          0,          0,          0,          0,          0
Data Memory =          0,          0,          0,          0,          0,          0,          0,          0
Data Memory =          0,          0,          0,          0,          0,          0,          0,          0
Registers
R0 =           0, R1 =           0, R2 =         128, R3 =           0, R4 =           0, R5 =           1, R6 =           2, R7 =           3
R8 =           0, R9 =           0, R10 =          0, R11 =          0, R12 =          0, R13 =          0, R14 =          0, R15 =          0
R16 =          0, R17 =          0, R18 =          0, R19 =          0, R20 =          0, R21 =          0, R22 =          0, R23 =          0
R24 =          0, R25 =          0, R26 =          0, R27 =          0, R28 =          0, R29 =          0, R30 =          0, R31 =          0

PC =         96
Data Memory =          0,          0,          0,          0,          0,          0,          0,          0
Data Memory =          0,          0,          0,          0,          0,          0,          0,          0
Data Memory =          0,          0,          0,          0,          0,          0,          0,          0
Data Memory =          0,          0,          0,          0,          0,          0,          0,          0
Registers
R0 =           0, R1 =           0, R2 =         128, R3 =           0, R4 =           0, R5 =           1, R6 =           2, R7 =           3
R8 =           0, R9 =           0, R10 =          0, R11 =          0, R12 =          0, R13 =          0, R14 =          0, R15 =          0
R16 =          0, R17 =          0, R18 =          0, R19 =          0, R20 =          0, R21 =          0, R22 =          0, R23 =          0
R24 =          0, R25 =          0, R26 =          0, R27 =          0, R28 =          0, R29 =          0, R30 =          0, R31 =          0

PC =        100
Data Memory =          0,          0,          0,          0,          0,          0,          0,          0
Data Memory =          0,          0,          0,          0,          0,          0,          0,          0
Data Memory =          0,          0,          0,          0,          0,          0,          0,          0
Data Memory =          0,          0,          0,          0,          0,          0,          0,          0
Registers
R0 =           0, R1 =           0, R2 =         128, R3 =           0, R4 =           0, R5 =           1, R6 =           2, R7 =           3
R8 =           0, R9 =           0, R10 =          0, R11 =          0, R12 =          0, R13 =          0, R14 =          0, R15 =          0
R16 =          0, R17 =          0, R18 =          0, R19 =          0, R20 =          0, R21 =          0, R22 =          0, R23 =          0
R24 =          0, R25 =          0, R26 =          0, R27 =          0, R28 =          0, R29 =          0, R30 =          0, R31 =          0

PC =        104
Data Memory =          0,          0,          0,          0,          0,          0,          0,          0
Data Memory =          0,          0,          0,          0,          0,          0,          0,          0
Data Memory =          0,          0,          0,          0,          0,          0,          0,          0
Data Memory =          0,          0,          0,          0,          0,          0,          0,          0
Registers
R0 =           0, R1 =           0, R2 =         128, R3 =           0, R4 =           0, R5 =           1, R6 =           2, R7 =           3
R8 =           0, R9 =           0, R10 =          0, R11 =          0, R12 =          0, R13 =          0, R14 =          0, R15 =          0
R16 =          0, R17 =          0, R18 =          0, R19 =          0, R20 =          0, R21 =          0, R22 =          0, R23 =          0
R24 =          0, R25 =          0, R26 =          0, R27 =          0, R28 =          0, R29 =          0, R30 =          0, R31 =          0

PC =        108
Data Memory =          0,          0,          0,          0,          0,          0,          0,          0
Data Memory =          0,          0,          0,          0,          0,          0,          0,          0
Data Memory =          0,          0,          0,          0,          0,          0,          0,          0
Data Memory =          0,          0,          0,          0,          0,          0,          0,          0
Registers
R0 =           0, R1 =           0, R2 =         128, R3 =           0, R4 =           0, R5 =           1, R6 =           2, R7 =           3
R8 =           0, R9 =           0, R10 =          0, R11 =          0, R12 =          0, R13 =          0, R14 =          0, R15 =          0
R16 =          0, R17 =          0, R18 =          0, R19 =          0, R20 =          0, R21 =          0, R22 =          0, R23 =          0
R24 =          0, R25 =          0, R26 =          0, R27 =          0, R28 =          0, R29 =          0, R30 =          0, R31 =          0

PC =        112
Data Memory =          0,          0,          0,          0,          0,          0,          0,          0
Data Memory =          0,          0,          0,          0,          0,          0,          0,          0
Data Memory =          0,          0,          0,          0,          0,          0,          0,          0
Data Memory =          0,          0,          0,          0,          0,          0,          0,          0
Registers
R0 =           0, R1 =           0, R2 =         128, R3 =           0, R4 =           0, R5 =           1, R6 =           2, R7 =           3
R8 =           0, R9 =           0, R10 =          0, R11 =          0, R12 =          0, R13 =          0, R14 =          0, R15 =          0
R16 =          0, R17 =          0, R18 =          0, R19 =          0, R20 =          0, R21 =          0, R22 =          0, R23 =          0
R24 =          0, R25 =          0, R26 =          0, R27 =          0, R28 =          0, R29 =          0, R30 =          0, R31 =          0

# run all
PC =        116
Data Memory =          0,          0,          0,          0,          0,          0,          0,          0
Data Memory =          0,          0,          0,          0,          0,          0,          0,          0
Data Memory =          0,          0,          0,          0,          0,          0,          0,          0
Data Memory =          0,          0,          0,          0,          0,          0,          0,          0
Registers
R0 =           0, R1 =           0, R2 =         128, R3 =           0, R4 =           0, R5 =           1, R6 =           2, R7 =           3
R8 =           0, R9 =           0, R10 =          0, R11 =          0, R12 =          0, R13 =          0, R14 =          0, R15 =          0
R16 =          0, R17 =          0, R18 =          0, R19 =          0, R20 =          0, R21 =          0, R22 =          0, R23 =          0
R24 =          0, R25 =          0, R26 =          0, R27 =          0, R28 =          0, R29 =          0, R30 =          0, R31 =          0

PC =        120
Data Memory =          0,          0,          0,          0,          0,          0,          0,          0
Data Memory =          0,          0,          0,          0,          0,          0,          0,          0
Data Memory =          0,          0,          0,          0,          0,          0,          0,          0
Data Memory =          0,          0,          0,          0,          0,          0,          0,          0
Registers
R0 =           0, R1 =           0, R2 =         128, R3 =           0, R4 =           0, R5 =           1, R6 =           2, R7 =           3
R8 =           0, R9 =           0, R10 =          0, R11 =          0, R12 =          0, R13 =          0, R14 =          0, R15 =          0
R16 =          0, R17 =          0, R18 =          0, R19 =          0, R20 =          0, R21 =          0, R22 =          0, R23 =          0
R24 =          0, R25 =          0, R26 =          0, R27 =          0, R28 =          0, R29 =          0, R30 =          0, R31 =          0

PC =        124
Data Memory =          0,          0,          0,          0,          0,          0,          0,          0
Data Memory =          0,          0,          0,          0,          0,          0,          0,          0
Data Memory =          0,          0,          0,          0,          0,          0,          0,          0
Data Memory =          0,          0,          0,          0,          0,          0,          0,          0
Registers
R0 =           0, R1 =           0, R2 =         128, R3 =           0, R4 =           0, R5 =           1, R6 =           2, R7 =           3
R8 =           0, R9 =           0, R10 =          0, R11 =          0, R12 =          0, R13 =          0, R14 =          0, R15 =          0
R16 =          0, R17 =          0, R18 =          0, R19 =          0, R20 =          0, R21 =          0, R22 =          0, R23 =          0
R24 =          0, R25 =          0, R26 =          0, R27 =          0, R28 =          0, R29 =          0, R30 =          0, R31 =          0

PC =        128
Data Memory =          0,          0,          0,          0,          0,          0,          0,          0
Data Memory =          0,          0,          0,          0,          0,          0,          0,          0
Data Memory =          0,          0,          0,          0,          0,          0,          0,          0
Data Memory =          0,          0,          0,          0,          0,          0,          0,          0
Registers
R0 =           0, R1 =           0, R2 =         128, R3 =           0, R4 =           0, R5 =           1, R6 =           2, R7 =           3
R8 =           0, R9 =           0, R10 =          0, R11 =          0, R12 =          0, R13 =          0, R14 =          0, R15 =          0
R16 =          0, R17 =          0, R18 =          0, R19 =          0, R20 =          0, R21 =          0, R22 =          0, R23 =          0
R24 =          0, R25 =          0, R26 =          0, R27 =          0, R28 =          0, R29 =          0, R30 =          0, R31 =          0

PC =        128
Data Memory =          0,          0,          0,          0,          0,          0,          0,          0
Data Memory =          0,          0,          0,          0,          0,          0,          0,          0
Data Memory =          0,          0,          0,          0,          0,          0,          0,          0
Data Memory =          0,          0,          0,          0,          0,          0,          0,          0
Registers
R0 =           0, R1 =           0, R2 =         128, R3 =           0, R4 =           0, R5 =           1, R6 =           2, R7 =           3
R8 =           0, R9 =           0, R10 =          0, R11 =          0, R12 =          0, R13 =          0, R14 =          0, R15 =          0
R16 =          0, R17 =          0, R18 =          0, R19 =          0, R20 =          0, R21 =          0, R22 =          0, R23 =          0
R24 =          0, R25 =          0, R26 =          0, R27 =          0, R28 =          0, R29 =          0, R30 =          0, R31 =          0

PC =        128
Data Memory =          0,          0,          0,          0,          0,          0,          0,          0
Data Memory =          0,          0,          0,          0,          0,          0,          0,          0
Data Memory =          0,          0,          0,          0,          0,          0,          0,          0
Data Memory =          0,          0,          0,          0,          0,          0,          0,          0
Registers
R0 =           0, R1 =           0, R2 =         128, R3 =           0, R4 =           0, R5 =           1, R6 =           2, R7 =           3
R8 =           0, R9 =           0, R10 =          0, R11 =          0, R12 =          0, R13 =          0, R14 =          0, R15 =          0
R16 =          0, R17 =          0, R18 =          0, R19 =          0, R20 =          0, R21 =          0, R22 =          0, R23 =          0
R24 =          0, R25 =          0, R26 =          0, R27 =          0, R28 =          0, R29 =          0, R30 =          0, R31 =          0

PC =        128
Data Memory =          0,          0,          0,          0,          0,          0,          0,          0
Data Memory =          0,          0,          0,          0,          0,          0,          0,          0
Data Memory =          0,          0,          0,          0,          0,          0,          0,          0
Data Memory =          0,          0,          0,          0,          0,          0,          0,          0
Registers
R0 =           0, R1 =           0, R2 =         128, R3 =           0, R4 =           0, R5 =           1, R6 =           2, R7 =           3
R8 =           0, R9 =           0, R10 =          0, R11 =          0, R12 =          0, R13 =          0, R14 =          0, R15 =          0
R16 =          0, R17 =          0, R18 =          0, R19 =          0, R20 =          0, R21 =          0, R22 =          0, R23 =          0
R24 =          0, R25 =          0, R26 =          0, R27 =          0, R28 =          0, R29 =          0, R30 =          0, R31 =          0

PC =        128
Data Memory =          0,          0,          0,          0,          0,          0,          0,          0
Data Memory =          0,          0,          0,          0,          0,          0,          0,          0
Data Memory =          0,          0,          0,          0,          0,          0,          0,          0
Data Memory =          0,          0,          0,          0,          0,          0,          0,          0
Registers
R0 =           0, R1 =           0, R2 =         128, R3 =           0, R4 =           0, R5 =           1, R6 =           2, R7 =           3
R8 =           0, R9 =           0, R10 =          0, R11 =          0, R12 =          0, R13 =          0, R14 =          0, R15 =          0
R16 =          0, R17 =          0, R18 =          0, R19 =          0, R20 =          0, R21 =          0, R22 =          0, R23 =          0
R24 =          0, R25 =          0, R26 =          0, R27 =          0, R28 =          0, R29 =          0, R30 =          0, R31 =          0

PC =        128
Data Memory =          0,          0,          0,          0,          0,          0,          0,          0
Data Memory =          0,          0,          0,          0,          0,          0,          0,          0
Data Memory =          0,          0,          0,          0,          0,          0,          0,          0
Data Memory =          0,          0,          0,          0,          0,          0,          0,          0
Registers
R0 =           0, R1 =           0, R2 =         128, R3 =           0, R4 =           0, R5 =           1, R6 =           2, R7 =           3
R8 =           0, R9 =           0, R10 =          0, R11 =          0, R12 =          0, R13 =          0, R14 =          0, R15 =          0
R16 =          0, R17 =          0, R18 =          0, R19 =          0, R20 =          0, R21 =          0, R22 =          0, R23 =          0
R24 =          0, R25 =          0, R26 =          0, R27 =          0, R28 =          0, R29 =          0, R30 =          0, R31 =          0

PC =        128
Data Memory =          0,          0,          0,          0,          0,          0,          0,          0
Data Memory =          0,          0,          0,          0,          0,          0,          0,          0
Data Memory =          0,          0,          0,          0,          0,          0,          0,          0
Data Memory =          0,          0,          0,          0,          0,          0,          0,          0
Registers
R0 =           0, R1 =           0, R2 =         128, R3 =           0, R4 =           0, R5 =           1, R6 =           2, R7 =           3
R8 =           0, R9 =           0, R10 =          0, R11 =          0, R12 =          0, R13 =          0, R14 =          0, R15 =          0
R16 =          0, R17 =          0, R18 =          0, R19 =          0, R20 =          0, R21 =          0, R22 =          0, R23 =          0
R24 =          0, R25 =          0, R26 =          0, R27 =          0, R28 =          0, R29 =          0, R30 =          0, R31 =          0

PC =        128
Data Memory =          0,          0,          0,          0,          0,          0,          0,          0
Data Memory =          0,          0,          0,          0,          0,          0,          0,          0
Data Memory =          0,          0,          0,          0,          0,          0,          0,          0
Data Memory =          0,          0,          0,          0,          0,          0,          0,          0
Registers
R0 =           0, R1 =           0, R2 =         128, R3 =           0, R4 =           0, R5 =           1, R6 =           2, R7 =           3
R8 =           0, R9 =           0, R10 =          0, R11 =          0, R12 =          0, R13 =          0, R14 =          0, R15 =          0
R16 =          0, R17 =          0, R18 =          0, R19 =          0, R20 =          0, R21 =          0, R22 =          0, R23 =          0
R24 =          0, R25 =          0, R26 =          0, R27 =          0, R28 =          0, R29 =          0, R30 =          0, R31 =          0

Stopped at time : 1550 ns : File "C:/Users/chang/Documents/NCTU/2_spring/Conputer Organization/Computer Organization Lab4/testbench.v" Line 30
