ISim log file
Running: C:\hooma\Lab3\testbench_isim_beh.exe -intstyle ise -gui -tclbatch isim.cmd -wdb C:/hooma/Lab3/testbench_isim_beh.wdb 
ISim P.20131013 (signature 0x7708f090)
WARNING: A WEBPACK license was found.
WARNING: Please use Xilinx License Configuration Manager to check out a full ISim license.
WARNING: ISim will run in Lite mode. Please refer to the ISim documentation for more information on the differences between the Lite and the Full version.
This is a Lite version of ISim.
Time resolution is 1 ps
# onerror resume
# wave add /
# run 1000 ns
Simulator is doing circuit initialization process.
Finished circuit initialization process.
select_i = x
select_i = x
 pc_i = x, zero = x, branch = 0,
select_i = 1
select_i = 0
select_i = 0
select_i = 1
select_i = 0
 pc_i = 4, zero = x, branch = 0,
 pc_i = 4, zero = 0, branch = 0,
select_i = 0
select_i = 1
select_i = 0
select_i = 0
select_i = 1
 pc_i = 8, zero = 0, branch = 0,
select_i = 0
select_i = 1
select_i = 0
select_i = 0
select_i = 0
select_i = 0
 pc_i = 12, zero = 0, branch = 0,
select_i = 0
select_i = 0
select_i = 0
select_i = 0
 pc_i = 16, zero = 0, branch = 0,
select_i = 0
select_i = 0
 pc_i = 16, zero = 1, branch = 1,
select_i = 1
select_i = 1
 pc_i = 16, zero = 0, branch = 1,
select_i = 0
 pc_i = 16, zero = 1, branch = 1,
select_i = 1
select_i = 1
 pc_i = 24, zero = 1, branch = 1,
select_i = 1
select_i = 0
 pc_i = 24, zero = 1, branch = 0,
select_i = 0
select_i = 0
 pc_i = 24, zero = 0, branch = 0,
select_i = 0
select_i = 0
 pc_i = 28, zero = 0, branch = 0,
select_i = 0
select_i = 0
select_i = 1
select_i = 0
select_i = 1
 pc_i = 32, zero = 0, branch = 0,
 pc_i = 32, zero = 1, branch = 0,
select_i = 0
select_i = 0
 pc_i = 36, zero = 1, branch = 0,
select_i = 0
select_i = 0
 pc_i = 40, zero = 1, branch = 0,
select_i = 0
select_i = 0
 pc_i = 44, zero = 1, branch = 0,
select_i = 0
select_i = 0
 pc_i = 48, zero = 1, branch = 0,
select_i = 0
select_i = 0
 pc_i = 52, zero = 1, branch = 0,
select_i = 0
select_i = 0
 pc_i = 56, zero = 1, branch = 0,
select_i = 0
select_i = 0
 pc_i = 60, zero = 1, branch = 0,
select_i = 0
select_i = 0
 pc_i = 64, zero = 1, branch = 0,
select_i = 0
select_i = 0
 pc_i = 68, zero = 1, branch = 0,
select_i = 0
select_i = 0
 pc_i = 72, zero = 1, branch = 0,
select_i = 0
select_i = 0
 pc_i = 76, zero = 1, branch = 0,
select_i = 0
select_i = 0
 pc_i = 80, zero = 1, branch = 0,
select_i = 0
select_i = 0
 pc_i = 84, zero = 1, branch = 0,
select_i = 0
select_i = 0
 pc_i = 88, zero = 1, branch = 0,
select_i = 0
select_i = 0
 pc_i = 92, zero = 1, branch = 0,
select_i = 0
select_i = 0
 pc_i = 96, zero = 1, branch = 0,
select_i = 0
select_i = 0
 pc_i = 100, zero = 1, branch = 0,
select_i = 0
select_i = 0
 pc_i = 104, zero = 1, branch = 0,
select_i = 0
select_i = 0
 pc_i = 108, zero = 1, branch = 0,
select_i = 0
select_i = 0
 pc_i = 112, zero = 1, branch = 0,
select_i = 0
select_i = 0
 pc_i = 116, zero = 1, branch = 0,
select_i = 0
select_i = 0
 pc_i = 120, zero = 1, branch = 0,
select_i = 0
select_i = 0
 pc_i = 124, zero = 1, branch = 0,
select_i = 0
select_i = 0
 pc_i = 128, zero = 1, branch = 0,
select_i = 0
select_i = 1
 pc_i = 128, zero = x, branch = x,
select_i = x
select_i = x
select_i = x
r0 = 0, r1 = 0, r2 = 0, r3 = 0, 
r4 = 0, r5 = 0, r6 = 2, r7 = 5, 
r8 = 7, r9 = 9, r10 = 0, r11 = 0
